[     159ms] [LOG] [Fast Refresh] rebuilding @ http://localhost:3000/_next/static/chunks/0evb_next_dist_10s2rv.._.js:2431
[     297ms] [LOG] [Fast Refresh] done in 238ms @ http://localhost:3000/_next/static/chunks/0evb_next_dist_10s2rv.._.js:2431
[     399ms] [LOG] [Fast Refresh] rebuilding @ http://localhost:3000/_next/static/chunks/0evb_next_dist_10s2rv.._.js:2431
[     490ms] [LOG] [Fast Refresh] done in 193ms @ http://localhost:3000/_next/static/chunks/0evb_next_dist_10s2rv.._.js:2431
[     492ms] [ERROR] Failed to load resource: the server responded with a status of 500 (Internal Server Error) @ http://localhost:3000/:0
[     528ms] [INFO] %cDownload the React DevTools for a better development experience: https://react.dev/link/react-devtools font-weight:bold @ http://localhost:3000/_next/static/chunks/0evb_react-dom_0o64o-o._.js:15305
[     556ms] Error: Cannot find module '../chunks/ssr/[turbopack]_runtime.js'
Require stack:
- /Users/kobi/Documents/Dev/builtby/.next/dev/server/pages/_document.js
- /Users/kobi/Documents/Dev/builtby/node_modules/next/dist/server/require.js
- /Users/kobi/Documents/Dev/builtby/node_modules/next/dist/server/load-components.js
- /Users/kobi/Documents/Dev/builtby/node_modules/next/dist/build/utils.js
- /Users/kobi/Documents/Dev/builtby/node_modules/next/dist/server/lib/router-utils/setup-dev-bundler.js
- /Users/kobi/Documents/Dev/builtby/node_modules/next/dist/server/lib/router-server.js
- /Users/kobi/Documents/Dev/builtby/node_modules/next/dist/server/lib/start-server.js
    at Module.<anonymous> (node:internal/modules/cjs/loader:1405:15)
    at <unknown> (file:///Users/kobi/Documents/Dev/builtby/node_modules/next/dist/server/require-hook.js:68:36)
    at defaultResolveImpl (node:internal/modules/cjs/loader:1061:19)
    at resolveForCJSWithHooks (node:internal/modules/cjs/loader:1066:22)
    at Module._load (node:internal/modules/cjs/loader:1215:37)
    at TracingChannel.traceSync (node:diagnostics_channel:322:14)
    at wrapModuleLoad (node:internal/modules/cjs/loader:235:24)
    at Module.<anonymous> (node:internal/modules/cjs/loader:1491:12)
    at mod.require (file:///Users/kobi/Documents/Dev/builtby/node_modules/next/dist/server/require-hook.js:79:28)
    at require (node:internal/modules/helpers:135:16)
    at Object.<anonymous> (file:///Users/kobi/Documents/Dev/builtby/.next/dev/server/pages/_document.js:1:7)
    at Module._compile (node:internal/modules/cjs/loader:1734:14)
    at Object..js (node:internal/modules/cjs/loader:1899:10)
    at Module.load (node:internal/modules/cjs/loader:1469:32)
    at Module._load (node:internal/modules/cjs/loader:1286:12)
    at TracingChannel.traceSync (node:diagnostics_channel:322:14)
    at wrapModuleLoad (node:internal/modules/cjs/loader:235:24)
    at Module.<anonymous> (node:internal/modules/cjs/loader:1491:12)
    at mod.require (file:///Users/kobi/Documents/Dev/builtby/node_modules/next/dist/server/require-hook.js:79:28)
    at require (node:internal/modules/helpers:135:16)
    at requirePage (file:///Users/kobi/Documents/Dev/builtby/node_modules/next/dist/server/require.js:105:80)
    at loadComponentsImpl (file:///Users/kobi/Documents/Dev/builtby/node_modules/next/dist/server/load-components.js:88:38)
    at DevServer.findPageComponentsImpl (file:///Users/kobi/Documents/Dev/builtby/node_modules/next/dist/server/next-server.js:837:77)
    at <unknown> (file:///Users/kobi/Documents/Dev/builtby/node_modules/next/dist/server/next-server.js:819:21)
    at <unknown> (file:///Users/kobi/Documents/Dev/builtby/node_modules/next/dist/server/lib/trace/tracer.js:195:36)
    at NoopContextManager.with (file:///Users/kobi/Documents/Dev/builtby/node_modules/next/dist/compiled/@opentelemetry/api/index.js:1:7062)
    at ContextAPI.with (file:///Users/kobi/Documents/Dev/builtby/node_modules/next/dist/compiled/@opentelemetry/api/index.js:1:518)
    at NoopTracer.startActiveSpan (file:///Users/kobi/Documents/Dev/builtby/node_modules/next/dist/compiled/@opentelemetry/api/index.js:1:18093)
    at ProxyTracer.startActiveSpan (file:///Users/kobi/Documents/Dev/builtby/node_modules/next/dist/compiled/@opentelemetry/api/index.js:1:18854)
    at <unknown> (file:///Users/kobi/Documents/Dev/builtby/node_modules/next/dist/server/lib/trace/tracer.js:164:103)
    at NoopContextManager.with (file:///Users/kobi/Documents/Dev/builtby/node_modules/next/dist/compiled/@opentelemetry/api/index.js:1:7062)
    at ContextAPI.with (file:///Users/kobi/Documents/Dev/builtby/node_modules/next/dist/compiled/@opentelemetry/api/index.js:1:518)
    at NextTracerImpl.trace (file:///Users/kobi/Documents/Dev/builtby/node_modules/next/dist/server/lib/trace/tracer.js:164:28)
    at DevServer.findPageComponents (file:///Users/kobi/Documents/Dev/builtby/node_modules/next/dist/server/next-server.js:814:41)
    at DevServer.findPageComponents (file:///Users/kobi/Documents/Dev/builtby/node_modules/next/dist/server/dev/next-dev-server.js:704:28)
    at async DevServer.renderErrorToResponseImpl (file:///Users/kobi/Documents/Dev/builtby/node_modules/next/dist/server/base-server.js:1745:26)
    at async pipe.req.req (file:///Users/kobi/Documents/Dev/builtby/node_modules/next/dist/server/base-server.js:1652:30)
    at async DevServer.pipeImpl (file:///Users/kobi/Documents/Dev/builtby/node_modules/next/dist/server/base-server.js:1043:25)
    at async NextNodeServer.handleCatchallRenderRequest (file:///Users/kobi/Documents/Dev/builtby/node_modules/next/dist/server/next-server.js:353:21)
    at async DevServer.handleRequestImpl (file:///Users/kobi/Documents/Dev/builtby/node_modules/next/dist/server/base-server.js:934:17)
    at async (file:///Users/kobi/Documents/Dev/builtby/node_modules/next/dist/server/dev/next-dev-server.js:394:20)
    at async Span.traceAsyncFn (file:///Users/kobi/Documents/Dev/builtby/node_modules/next/dist/trace/trace.js:164:20)
    at async DevServer.handleRequest (file:///Users/kobi/Documents/Dev/builtby/node_modules/next/dist/server/dev/next-dev-server.js:390:24)
    at async invokeRender (file:///Users/kobi/Documents/Dev/builtby/node_modules/next/dist/server/lib/router-server.js:266:21)
    at async handleRequest (file:///Users/kobi/Documents/Dev/builtby/node_modules/next/dist/server/lib/router-server.js:465:24)
    at async requestHandlerImpl (file:///Users/kobi/Documents/Dev/builtby/node_modules/next/dist/server/lib/router-server.js:514:13)
    at async Server.requestListener (file:///Users/kobi/Documents/Dev/builtby/node_modules/next/dist/server/lib/start-server.js:225:13)
[     557ms] [LOG] [HMR] connected @ http://localhost:3000/_next/static/chunks/0evb_next_dist_0j0mwuz._.js:1226
[   58820ms] [ERROR] WebSocket connection to 'ws://localhost:3000/_next/webpack-hmr' failed: Error in connection establishment: net::ERR_CONNECTION_REFUSED @ http://localhost:3000/_next/static/chunks/0evb_next_dist_client_04eztjz._.js:2342
[   59824ms] [ERROR] WebSocket connection to 'ws://localhost:3000/_next/webpack-hmr' failed: Error in connection establishment: net::ERR_CONNECTION_REFUSED @ http://localhost:3000/_next/static/chunks/0evb_next_dist_client_04eztjz._.js:2342
[   60827ms] [ERROR] WebSocket connection to 'ws://localhost:3000/_next/webpack-hmr' failed: Error in connection establishment: net::ERR_CONNECTION_REFUSED @ http://localhost:3000/_next/static/chunks/0evb_next_dist_client_04eztjz._.js:2342
[   61830ms] [ERROR] WebSocket connection to 'ws://localhost:3000/_next/webpack-hmr' failed: Error in connection establishment: net::ERR_CONNECTION_REFUSED @ http://localhost:3000/_next/static/chunks/0evb_next_dist_client_04eztjz._.js:2342
[   62834ms] [ERROR] WebSocket connection to 'ws://localhost:3000/_next/webpack-hmr' failed: Error in connection establishment: net::ERR_CONNECTION_REFUSED @ http://localhost:3000/_next/static/chunks/0evb_next_dist_client_04eztjz._.js:2342
[   67837ms] [ERROR] WebSocket connection to 'ws://localhost:3000/_next/webpack-hmr' failed: Error in connection establishment: net::ERR_CONNECTION_REFUSED @ http://localhost:3000/_next/static/chunks/0evb_next_dist_client_04eztjz._.js:2342
[   72844ms] [LOG] [HMR] connected @ http://localhost:3000/_next/static/chunks/0evb_next_dist_0j0mwuz._.js:1226
[   74142ms] [INFO] %cDownload the React DevTools for a better development experience: https://react.dev/link/react-devtools font-weight:bold @ http://localhost:3000/_next/static/chunks/0evb_next_dist_10s2rv.._.js:2431
[   74176ms] [LOG] [HMR] connected @ http://localhost:3000/_next/static/chunks/0evb_next_dist_10s2rv.._.js:2431
